1748707504.901720 client started (6589): version 3.4, socket /tmp/tmux-1000/default, protocol 8
1748707504.902860 on Linux 5.15.167.4-microsoft-standard-WSL2 #1 SMP Tue Nov 5 00:21:55 UTC 2024
1748707504.903335 using libevent 2.1.12-stable poll
1748707504.903676 using ncurses 6.4 20240113
1748707504.904112 flags are 0x10010000
1748707504.904603 socket is /tmp/tmux-1000/default
1748707504.905030 trying connect
1748707504.905565 add peer 0x55974791d8b0: 6 ((nil))
1748707504.906372 sending message 100 to peer 0x55974791d8b0 (4 bytes)
1748707504.906785 sending message 111 to peer 0x55974791d8b0 (8 bytes)
1748707504.907714 sending message 101 to peer 0x55974791d8b0 (14 bytes)
1748707504.908098 sending message 109 to peer 0x55974791d8b0 (4 bytes)
1748707504.908495 sending message 102 to peer 0x55974791d8b0 (11 bytes)
1748707504.908945 sending message 108 to peer 0x55974791d8b0 (69 bytes)
1748707504.909286 sending message 112 to peer 0x55974791d8b0 (70 bytes)
1748707504.909696 sending message 112 to peer 0x55974791d8b0 (5 bytes)
1748707504.910156 sending message 112 to peer 0x55974791d8b0 (5 bytes)
1748707504.910583 sending message 112 to peer 0x55974791d8b0 (6 bytes)
1748707504.910997 sending message 112 to peer 0x55974791d8b0 (6 bytes)
1748707504.911426 sending message 112 to peer 0x55974791d8b0 (11 bytes)
1748707504.911816 sending message 112 to peer 0x55974791d8b0 (10 bytes)
1748707504.912178 sending message 112 to peer 0x55974791d8b0 (13 bytes)
1748707504.912679 sending message 112 to peer 0x55974791d8b0 (13 bytes)
1748707504.913093 sending message 112 to peer 0x55974791d8b0 (18 bytes)
1748707504.913530 sending message 112 to peer 0x55974791d8b0 (11 bytes)
1748707504.913946 sending message 112 to peer 0x55974791d8b0 (10 bytes)
1748707504.914355 sending message 112 to peer 0x55974791d8b0 (15 bytes)
1748707504.914758 sending message 112 to peer 0x55974791d8b0 (21 bytes)
1748707504.915177 sending message 112 to peer 0x55974791d8b0 (13 bytes)
1748707504.915530 sending message 112 to peer 0x55974791d8b0 (7 bytes)
1748707504.915714 sending message 112 to peer 0x55974791d8b0 (13 bytes)
1748707504.915935 sending message 112 to peer 0x55974791d8b0 (7 bytes)
1748707504.916105 sending message 112 to peer 0x55974791d8b0 (13 bytes)
1748707504.916266 sending message 112 to peer 0x55974791d8b0 (9 bytes)
1748707504.916388 sending message 112 to peer 0x55974791d8b0 (21 bytes)
1748707504.916503 sending message 112 to peer 0x55974791d8b0 (13 bytes)
1748707504.916616 sending message 112 to peer 0x55974791d8b0 (8 bytes)
1748707504.916730 sending message 112 to peer 0x55974791d8b0 (12 bytes)
1748707504.916844 sending message 112 to peer 0x55974791d8b0 (13 bytes)
1748707504.917049 sending message 112 to peer 0x55974791d8b0 (9 bytes)
1748707504.917317 sending message 112 to peer 0x55974791d8b0 (9 bytes)
1748707504.917520 sending message 112 to peer 0x55974791d8b0 (12 bytes)
1748707504.917734 sending message 112 to peer 0x55974791d8b0 (8 bytes)
1748707504.917977 sending message 112 to peer 0x55974791d8b0 (8 bytes)
1748707504.918172 sending message 112 to peer 0x55974791d8b0 (7 bytes)
1748707504.918402 sending message 112 to peer 0x55974791d8b0 (7 bytes)
1748707504.918586 sending message 112 to peer 0x55974791d8b0 (9 bytes)
1748707504.918818 sending message 112 to peer 0x55974791d8b0 (13 bytes)
1748707504.919035 sending message 112 to peer 0x55974791d8b0 (6 bytes)
1748707504.919292 sending message 112 to peer 0x55974791d8b0 (9 bytes)
1748707504.919502 sending message 112 to peer 0x55974791d8b0 (15 bytes)
1748707504.919770 sending message 112 to peer 0x55974791d8b0 (13 bytes)
1748707504.920066 sending message 112 to peer 0x55974791d8b0 (12 bytes)
1748707504.920330 sending message 112 to peer 0x55974791d8b0 (8 bytes)
1748707504.920583 sending message 112 to peer 0x55974791d8b0 (14 bytes)
1748707504.920803 sending message 112 to peer 0x55974791d8b0 (11 bytes)
1748707504.920973 sending message 112 to peer 0x55974791d8b0 (9 bytes)
1748707504.921140 sending message 112 to peer 0x55974791d8b0 (10 bytes)
1748707504.921317 sending message 112 to peer 0x55974791d8b0 (10 bytes)
1748707504.921547 sending message 112 to peer 0x55974791d8b0 (10 bytes)
1748707504.921720 sending message 112 to peer 0x55974791d8b0 (10 bytes)
1748707504.921895 sending message 112 to peer 0x55974791d8b0 (11 bytes)
1748707504.922061 sending message 112 to peer 0x55974791d8b0 (12 bytes)
1748707504.922224 sending message 112 to peer 0x55974791d8b0 (12 bytes)
1748707504.922409 sending message 112 to peer 0x55974791d8b0 (12 bytes)
1748707504.922709 sending message 112 to peer 0x55974791d8b0 (12 bytes)
1748707504.922881 sending message 112 to peer 0x55974791d8b0 (12 bytes)
1748707504.923049 sending message 112 to peer 0x55974791d8b0 (11 bytes)
1748707504.923220 sending message 112 to peer 0x55974791d8b0 (11 bytes)
1748707504.923393 sending message 112 to peer 0x55974791d8b0 (12 bytes)
1748707504.923562 sending message 112 to peer 0x55974791d8b0 (12 bytes)
1748707504.923725 sending message 112 to peer 0x55974791d8b0 (12 bytes)
1748707504.923891 sending message 112 to peer 0x55974791d8b0 (12 bytes)
1748707504.924067 sending message 112 to peer 0x55974791d8b0 (12 bytes)
1748707504.924341 sending message 112 to peer 0x55974791d8b0 (10 bytes)
1748707504.924594 sending message 112 to peer 0x55974791d8b0 (12 bytes)
1748707504.924879 sending message 112 to peer 0x55974791d8b0 (13 bytes)
1748707504.925099 sending message 112 to peer 0x55974791d8b0 (13 bytes)
1748707504.925269 sending message 112 to peer 0x55974791d8b0 (13 bytes)
1748707504.925506 sending message 112 to peer 0x55974791d8b0 (13 bytes)
1748707504.925784 sending message 112 to peer 0x55974791d8b0 (13 bytes)
1748707504.925995 sending message 112 to peer 0x55974791d8b0 (8 bytes)
1748707504.926222 sending message 112 to peer 0x55974791d8b0 (11 bytes)
1748707504.926356 sending message 112 to peer 0x55974791d8b0 (11 bytes)
1748707504.926656 sending message 112 to peer 0x55974791d8b0 (11 bytes)
1748707504.926808 sending message 112 to peer 0x55974791d8b0 (12 bytes)
1748707504.926984 sending message 112 to peer 0x55974791d8b0 (12 bytes)
1748707504.927148 sending message 112 to peer 0x55974791d8b0 (12 bytes)
1748707504.927302 sending message 112 to peer 0x55974791d8b0 (12 bytes)
1748707504.927433 sending message 112 to peer 0x55974791d8b0 (13 bytes)
1748707504.927578 sending message 112 to peer 0x55974791d8b0 (13 bytes)
1748707504.927711 sending message 112 to peer 0x55974791d8b0 (13 bytes)
1748707504.927990 sending message 112 to peer 0x55974791d8b0 (8 bytes)
1748707504.928140 sending message 112 to peer 0x55974791d8b0 (13 bytes)
1748707504.928268 sending message 112 to peer 0x55974791d8b0 (13 bytes)
1748707504.928417 sending message 112 to peer 0x55974791d8b0 (13 bytes)
1748707504.928679 sending message 112 to peer 0x55974791d8b0 (13 bytes)
1748707504.928888 sending message 112 to peer 0x55974791d8b0 (13 bytes)
1748707504.929032 sending message 112 to peer 0x55974791d8b0 (12 bytes)
1748707504.929182 sending message 112 to peer 0x55974791d8b0 (12 bytes)
1748707504.929438 sending message 112 to peer 0x55974791d8b0 (12 bytes)
1748707504.929623 sending message 112 to peer 0x55974791d8b0 (12 bytes)
1748707504.929868 sending message 112 to peer 0x55974791d8b0 (13 bytes)
1748707504.930029 sending message 112 to peer 0x55974791d8b0 (8 bytes)
1748707504.930277 sending message 112 to peer 0x55974791d8b0 (13 bytes)
1748707504.930482 sending message 112 to peer 0x55974791d8b0 (13 bytes)
1748707504.930619 sending message 112 to peer 0x55974791d8b0 (13 bytes)
1748707504.930868 sending message 112 to peer 0x55974791d8b0 (13 bytes)
1748707504.931175 sending message 112 to peer 0x55974791d8b0 (13 bytes)
1748707504.931358 sending message 112 to peer 0x55974791d8b0 (13 bytes)
1748707504.931560 sending message 112 to peer 0x55974791d8b0 (13 bytes)
1748707504.931791 sending message 112 to peer 0x55974791d8b0 (12 bytes)
1748707504.932096 sending message 112 to peer 0x55974791d8b0 (12 bytes)
1748707504.932284 sending message 112 to peer 0x55974791d8b0 (12 bytes)
1748707504.932455 sending message 112 to peer 0x55974791d8b0 (8 bytes)
1748707504.932594 sending message 112 to peer 0x55974791d8b0 (12 bytes)
1748707504.932814 sending message 112 to peer 0x55974791d8b0 (13 bytes)
1748707504.932971 sending message 112 to peer 0x55974791d8b0 (13 bytes)
1748707504.933111 sending message 112 to peer 0x55974791d8b0 (13 bytes)
1748707504.933299 sending message 112 to peer 0x55974791d8b0 (13 bytes)
1748707504.933460 sending message 112 to peer 0x55974791d8b0 (13 bytes)
1748707504.933598 sending message 112 to peer 0x55974791d8b0 (13 bytes)
1748707504.933752 sending message 112 to peer 0x55974791d8b0 (13 bytes)
1748707504.933961 sending message 112 to peer 0x55974791d8b0 (13 bytes)
1748707504.934161 sending message 112 to peer 0x55974791d8b0 (12 bytes)
1748707504.934339 sending message 112 to peer 0x55974791d8b0 (10 bytes)
1748707504.934517 sending message 112 to peer 0x55974791d8b0 (12 bytes)
1748707504.934676 sending message 112 to peer 0x55974791d8b0 (12 bytes)
1748707504.934852 sending message 112 to peer 0x55974791d8b0 (12 bytes)
1748707504.935010 sending message 112 to peer 0x55974791d8b0 (13 bytes)
1748707504.935211 sending message 112 to peer 0x55974791d8b0 (13 bytes)
1748707504.935499 sending message 112 to peer 0x55974791d8b0 (13 bytes)
1748707504.935737 sending message 112 to peer 0x55974791d8b0 (13 bytes)
1748707504.935962 sending message 112 to peer 0x55974791d8b0 (13 bytes)
1748707504.936169 sending message 112 to peer 0x55974791d8b0 (13 bytes)
1748707504.936372 sending message 112 to peer 0x55974791d8b0 (13 bytes)
1748707504.936496 sending message 112 to peer 0x55974791d8b0 (10 bytes)
1748707504.936701 sending message 112 to peer 0x55974791d8b0 (13 bytes)
1748707504.936927 sending message 112 to peer 0x55974791d8b0 (12 bytes)
1748707504.937146 sending message 112 to peer 0x55974791d8b0 (12 bytes)
1748707504.937371 sending message 112 to peer 0x55974791d8b0 (12 bytes)
1748707504.937558 sending message 112 to peer 0x55974791d8b0 (10 bytes)
1748707504.937800 sending message 112 to peer 0x55974791d8b0 (10 bytes)
1748707504.937978 sending message 112 to peer 0x55974791d8b0 (10 bytes)
1748707504.938166 sending message 112 to peer 0x55974791d8b0 (12 bytes)
1748707504.938380 sending message 112 to peer 0x55974791d8b0 (13 bytes)
1748707504.938564 sending message 112 to peer 0x55974791d8b0 (13 bytes)
1748707504.938765 sending message 112 to peer 0x55974791d8b0 (13 bytes)
1748707504.938928 sending message 112 to peer 0x55974791d8b0 (13 bytes)
1748707504.939072 sending message 112 to peer 0x55974791d8b0 (13 bytes)
1748707504.939304 sending message 112 to peer 0x55974791d8b0 (11 bytes)
1748707504.939581 sending message 112 to peer 0x55974791d8b0 (11 bytes)
1748707504.939757 sending message 112 to peer 0x55974791d8b0 (12 bytes)
1748707504.939970 sending message 112 to peer 0x55974791d8b0 (12 bytes)
1748707504.940079 sending message 112 to peer 0x55974791d8b0 (12 bytes)
1748707504.940186 sending message 112 to peer 0x55974791d8b0 (12 bytes)
1748707504.940304 sending message 112 to peer 0x55974791d8b0 (12 bytes)
1748707504.940426 sending message 112 to peer 0x55974791d8b0 (11 bytes)
1748707504.940564 sending message 112 to peer 0x55974791d8b0 (12 bytes)
1748707504.940690 sending message 112 to peer 0x55974791d8b0 (12 bytes)
1748707504.940810 sending message 112 to peer 0x55974791d8b0 (13 bytes)
1748707504.940951 sending message 112 to peer 0x55974791d8b0 (13 bytes)
1748707504.941216 sending message 112 to peer 0x55974791d8b0 (13 bytes)
1748707504.941463 sending message 112 to peer 0x55974791d8b0 (13 bytes)
1748707504.941617 sending message 112 to peer 0x55974791d8b0 (13 bytes)
1748707504.941780 sending message 112 to peer 0x55974791d8b0 (10 bytes)
1748707504.941940 sending message 112 to peer 0x55974791d8b0 (9 bytes)
1748707504.942096 sending message 112 to peer 0x55974791d8b0 (12 bytes)
1748707504.942233 sending message 112 to peer 0x55974791d8b0 (13 bytes)
1748707504.942365 sending message 112 to peer 0x55974791d8b0 (13 bytes)
1748707504.942494 sending message 112 to peer 0x55974791d8b0 (13 bytes)
1748707504.942695 sending message 112 to peer 0x55974791d8b0 (13 bytes)
1748707504.942859 sending message 112 to peer 0x55974791d8b0 (13 bytes)
1748707504.943083 sending message 112 to peer 0x55974791d8b0 (9 bytes)
1748707504.943262 sending message 112 to peer 0x55974791d8b0 (12 bytes)
1748707504.943427 sending message 112 to peer 0x55974791d8b0 (13 bytes)
1748707504.943593 sending message 112 to peer 0x55974791d8b0 (13 bytes)
1748707504.943740 sending message 112 to peer 0x55974791d8b0 (13 bytes)
1748707504.943866 sending message 112 to peer 0x55974791d8b0 (13 bytes)
1748707504.943993 sending message 112 to peer 0x55974791d8b0 (13 bytes)
1748707504.944118 sending message 112 to peer 0x55974791d8b0 (11 bytes)
1748707504.944257 sending message 112 to peer 0x55974791d8b0 (12 bytes)
1748707504.944374 sending message 112 to peer 0x55974791d8b0 (13 bytes)
1748707504.944511 sending message 112 to peer 0x55974791d8b0 (13 bytes)
1748707504.944643 sending message 112 to peer 0x55974791d8b0 (13 bytes)
1748707504.944769 sending message 112 to peer 0x55974791d8b0 (13 bytes)
1748707504.944890 sending message 112 to peer 0x55974791d8b0 (13 bytes)
1748707504.945020 sending message 112 to peer 0x55974791d8b0 (11 bytes)
1748707504.945133 sending message 112 to peer 0x55974791d8b0 (12 bytes)
1748707504.945260 sending message 112 to peer 0x55974791d8b0 (12 bytes)
1748707504.945392 sending message 112 to peer 0x55974791d8b0 (12 bytes)
1748707504.945530 sending message 112 to peer 0x55974791d8b0 (12 bytes)
1748707504.945657 sending message 112 to peer 0x55974791d8b0 (12 bytes)
1748707504.945794 sending message 112 to peer 0x55974791d8b0 (21 bytes)
1748707504.945922 sending message 112 to peer 0x55974791d8b0 (12 bytes)
1748707504.946037 sending message 112 to peer 0x55974791d8b0 (9 bytes)
1748707504.946178 sending message 112 to peer 0x55974791d8b0 (6 bytes)
1748707504.946314 sending message 112 to peer 0x55974791d8b0 (13 bytes)
1748707504.946448 sending message 112 to peer 0x55974791d8b0 (8 bytes)
1748707504.946563 sending message 112 to peer 0x55974791d8b0 (15 bytes)
1748707504.946683 sending message 112 to peer 0x55974791d8b0 (13 bytes)
1748707504.946823 sending message 112 to peer 0x55974791d8b0 (9 bytes)
1748707504.946938 sending message 112 to peer 0x55974791d8b0 (70 bytes)
1748707504.947080 sending message 112 to peer 0x55974791d8b0 (69 bytes)
1748707504.947207 sending message 112 to peer 0x55974791d8b0 (10 bytes)
1748707504.947321 sending message 112 to peer 0x55974791d8b0 (10 bytes)
1748707504.947436 sending message 112 to peer 0x55974791d8b0 (8 bytes)
1748707504.947564 sending message 112 to peer 0x55974791d8b0 (15 bytes)
1748707504.947695 sending message 112 to peer 0x55974791d8b0 (13 bytes)
1748707504.947830 sending message 112 to peer 0x55974791d8b0 (10 bytes)
1748707504.947960 sending message 112 to peer 0x55974791d8b0 (10 bytes)
1748707504.948088 sending message 112 to peer 0x55974791d8b0 (17 bytes)
1748707504.948221 sending message 112 to peer 0x55974791d8b0 (10 bytes)
1748707504.948355 sending message 112 to peer 0x55974791d8b0 (13 bytes)
1748707504.948484 sending message 112 to peer 0x55974791d8b0 (9 bytes)
1748707504.948635 sending message 112 to peer 0x55974791d8b0 (5 bytes)
1748707504.948757 sending message 112 to peer 0x55974791d8b0 (15 bytes)
1748707504.948875 sending message 104 to peer 0x55974791d8b0 (0 bytes)
1748707504.948999 sending message 110 to peer 0x55974791d8b0 (0 bytes)
1748707504.949126 sending message 107 to peer 0x55974791d8b0 (4 bytes)
1748707504.949254 sending message 105 to peer 0x55974791d8b0 (16 bytes)
1748707504.949361 sending message 105 to peer 0x55974791d8b0 (17 bytes)
1748707504.949491 sending message 105 to peer 0x55974791d8b0 (24 bytes)
1748707504.949610 sending message 105 to peer 0x55974791d8b0 (25 bytes)
1748707504.949734 sending message 105 to peer 0x55974791d8b0 (29 bytes)
1748707504.949847 sending message 105 to peer 0x55974791d8b0 (35 bytes)
1748707504.949978 sending message 105 to peer 0x55974791d8b0 (48 bytes)
1748707504.950099 sending message 105 to peer 0x55974791d8b0 (53 bytes)
1748707504.950238 sending message 105 to peer 0x55974791d8b0 (34 bytes)
1748707504.950388 sending message 105 to peer 0x55974791d8b0 (20 bytes)
1748707504.950587 sending message 105 to peer 0x55974791d8b0 (73 bytes)
1748707504.950714 sending message 105 to peer 0x55974791d8b0 (15 bytes)
1748707504.950839 sending message 105 to peer 0x55974791d8b0 (16 bytes)
1748707504.950977 sending message 105 to peer 0x55974791d8b0 (18 bytes)
1748707504.951097 sending message 105 to peer 0x55974791d8b0 (13 bytes)
1748707504.951211 sending message 105 to peer 0x55974791d8b0 (33 bytes)
1748707504.951324 sending message 105 to peer 0x55974791d8b0 (1817 bytes)
1748707504.951462 sending message 105 to peer 0x55974791d8b0 (37 bytes)
1748707504.951567 sending message 105 to peer 0x55974791d8b0 (53 bytes)
1748707504.951690 sending message 105 to peer 0x55974791d8b0 (26 bytes)
1748707504.951816 sending message 105 to peer 0x55974791d8b0 (29 bytes)
1748707504.951945 sending message 105 to peer 0x55974791d8b0 (17 bytes)
1748707504.952068 sending message 105 to peer 0x55974791d8b0 (28 bytes)
1748707504.952183 sending message 105 to peer 0x55974791d8b0 (34 bytes)
1748707504.952292 sending message 105 to peer 0x55974791d8b0 (19 bytes)
1748707504.952410 sending message 105 to peer 0x55974791d8b0 (32 bytes)
1748707504.952558 sending message 105 to peer 0x55974791d8b0 (12 bytes)
1748707504.952683 sending message 105 to peer 0x55974791d8b0 (13 bytes)
1748707504.952863 sending message 105 to peer 0x55974791d8b0 (11 bytes)
1748707504.953080 sending message 105 to peer 0x55974791d8b0 (8 bytes)
1748707504.953280 sending message 105 to peer 0x55974791d8b0 (56 bytes)
1748707504.953504 sending message 105 to peer 0x55974791d8b0 (32 bytes)
1748707504.953695 sending message 105 to peer 0x55974791d8b0 (31 bytes)
1748707504.953887 sending message 105 to peer 0x55974791d8b0 (33 bytes)
1748707504.954058 sending message 105 to peer 0x55974791d8b0 (65 bytes)
1748707504.954245 sending message 105 to peer 0x55974791d8b0 (763 bytes)
1748707504.954395 sending message 105 to peer 0x55974791d8b0 (54 bytes)
1748707504.954594 sending message 105 to peer 0x55974791d8b0 (16 bytes)
1748707504.954715 sending message 105 to peer 0x55974791d8b0 (29 bytes)
1748707504.954875 sending message 105 to peer 0x55974791d8b0 (40 bytes)
1748707504.955022 sending message 105 to peer 0x55974791d8b0 (53 bytes)
1748707504.955225 sending message 105 to peer 0x55974791d8b0 (9 bytes)
1748707504.955434 sending message 105 to peer 0x55974791d8b0 (18 bytes)
1748707504.955593 sending message 105 to peer 0x55974791d8b0 (16 bytes)
1748707504.955775 sending message 106 to peer 0x55974791d8b0 (0 bytes)
1748707504.956040 sending message 200 to peer 0x55974791d8b0 (4 bytes)
1748707504.956169 client loop enter
1748707504.956734 peer 0x55974791d8b0 message 303
1748707504.956918 open write file 2 -
1748707504.957058 sending message 305 to peer 0x55974791d8b0 (8 bytes)
1748707504.957212 write check file 2
1748707504.957449 peer 0x55974791d8b0 message 304
1748707504.957668 write 58 to file 2
1748707504.957932 peer 0x55974791d8b0 message 203
1748707504.958114 file 2 58 bytes left
1748707504.958313 write check file 2
1748707504.958486 client loop exit
